app/build/intermediates/manifest_merge_blame_file/debug/manifest-merger-blame-debug-report.txt
1<?xml version="1.0" encoding="utf-8"?>
2<manifest xmlns:android="http://schemas.android.com/apk/res/android"
3    package="com.example.b07project"
4    android:versionCode="1"
5    android:versionName="1.0" >
6
7    <uses-sdk
8        android:minSdkVersion="21"
8-->src/main/AndroidManifest.xml
9        android:targetSdkVersion="30" />
9-->src/main/AndroidManifest.xml
10
11    <!-- Although the *SdkVersion is captured in gradle build files, this is required for non gradle builds -->
12    <!-- <uses-sdk android:minSdkVersion="14"/> -->
13    <uses-permission android:name="android.permission.ACCESS_NETWORK_STATE" />
13-->[com.google.firebase:firebase-database:20.0.1] AndroidManifest.xml:25:5-79
13-->[com.google.firebase:firebase-database:20.0.1] AndroidManifest.xml:25:22-76
14    <uses-permission android:name="android.permission.INTERNET" />
14-->[com.google.firebase:firebase-database:20.0.1] AndroidManifest.xml:26:5-67
14-->[com.google.firebase:firebase-database:20.0.1] AndroidManifest.xml:26:22-64
15    <uses-permission android:name="android.permission.WAKE_LOCK" />
15-->[com.google.android.gms:play-services-measurement-api:19.0.0] AndroidManifest.xml:24:5-68
15-->[com.google.android.gms:play-services-measurement-api:19.0.0] AndroidManifest.xml:24:22-65
16    <uses-permission android:name="com.google.android.finsky.permission.BIND_GET_INSTALL_REFERRER_SERVICE" />
16-->[com.google.android.gms:play-services-measurement:19.0.0] AndroidManifest.xml:26:5-110
16-->[com.google.android.gms:play-services-measurement:19.0.0] AndroidManifest.xml:26:22-107
17
18    <application
18-->src/main/AndroidManifest.xml:5:5-44:19
19        android:allowBackup="true"
19-->src/main/AndroidManifest.xml:6:9-35
20        android:appComponentFactory="androidx.core.app.CoreComponentFactory"
20-->[androidx.core:core:1.5.0] AndroidManifest.xml:24:18-86
21        android:debuggable="true"
22        android:icon="@mipmap/ic_launcher"
22-->src/main/AndroidManifest.xml:7:9-43
23        android:label="@string/app_name"
23-->src/main/AndroidManifest.xml:8:9-41
24        android:roundIcon="@mipmap/ic_launcher_round"
24-->src/main/AndroidManifest.xml:9:9-54
25        android:supportsRtl="true"
25-->src/main/AndroidManifest.xml:10:9-35
26        android:testOnly="true"
27        android:theme="@style/Theme.B07Project" >
27-->src/main/AndroidManifest.xml:11:9-48
28        <activity
28-->src/main/AndroidManifest.xml:12:9-14:39
29            android:name="com.example.b07project.user_information.PatientViewVisitedDoctorsActivity"
29-->src/main/AndroidManifest.xml:13:13-79
30            android:exported="true" />
30-->src/main/AndroidManifest.xml:14:13-36
31        <activity
31-->src/main/AndroidManifest.xml:15:9-17:39
32            android:name="com.example.b07project.appointment_activities.PatientViewPastAppointmentActivity"
32-->src/main/AndroidManifest.xml:16:13-86
33            android:exported="true" />
33-->src/main/AndroidManifest.xml:17:13-36
34        <activity
34-->src/main/AndroidManifest.xml:18:9-20:39
35            android:name="com.example.b07project.appointment_activities.DoctorViewAvailabilityActivity"
35-->src/main/AndroidManifest.xml:19:13-82
36            android:exported="true" />
36-->src/main/AndroidManifest.xml:20:13-36
37        <activity
37-->src/main/AndroidManifest.xml:21:9-23:39
38            android:name="com.example.b07project.user_information.DoctorPatientCheckupActivity"
38-->src/main/AndroidManifest.xml:22:13-74
39            android:exported="true" />
39-->src/main/AndroidManifest.xml:23:13-36
40        <activity
40-->src/main/AndroidManifest.xml:24:9-26:39
41            android:name="com.example.b07project.appointment_activities.PatientBookAppointmentActivity"
41-->src/main/AndroidManifest.xml:25:13-82
42            android:exported="true" />
42-->src/main/AndroidManifest.xml:26:13-36
43        <activity
43-->src/main/AndroidManifest.xml:27:9-29:39
44            android:name="com.example.b07project.appointment_activities.DoctorViewAppointmentActivity"
44-->src/main/AndroidManifest.xml:28:13-81
45            android:exported="true" />
45-->src/main/AndroidManifest.xml:29:13-36
46        <activity android:name="com.example.b07project.appointment_activities.PatientViewAppointmentActivity" />
46-->src/main/AndroidManifest.xml:30:9-91
46-->src/main/AndroidManifest.xml:30:19-88
47        <activity android:name="com.example.b07project.appointment_activities.PatientChooseDoctorActivity" />
47-->src/main/AndroidManifest.xml:31:9-88
47-->src/main/AndroidManifest.xml:31:19-85
48        <activity android:name="com.example.b07project.user_information.PatientActivity" />
48-->src/main/AndroidManifest.xml:32:9-70
48-->src/main/AndroidManifest.xml:32:19-67
49        <activity android:name="com.example.b07project.user_information.DoctorActivity" />
49-->src/main/AndroidManifest.xml:33:9-69
49-->src/main/AndroidManifest.xml:33:19-66
50        <activity android:name="com.example.b07project.user_information.PatientSignup" />
50-->src/main/AndroidManifest.xml:34:9-68
50-->src/main/AndroidManifest.xml:34:19-65
51        <activity android:name="com.example.b07project.user_information.DoctorSignup" />
51-->src/main/AndroidManifest.xml:35:9-67
51-->src/main/AndroidManifest.xml:35:19-64
52        <activity android:name="com.example.b07project.LoginPage" />
52-->src/main/AndroidManifest.xml:36:9-47
52-->src/main/AndroidManifest.xml:36:19-44
53        <activity android:name="com.example.b07project.MainActivity" >
53-->src/main/AndroidManifest.xml:37:9-43:20
53-->src/main/AndroidManifest.xml:37:19-47
54            <intent-filter>
54-->src/main/AndroidManifest.xml:38:13-42:29
55                <action android:name="android.intent.action.MAIN" />
55-->src/main/AndroidManifest.xml:39:17-69
55-->src/main/AndroidManifest.xml:39:25-66
56
57                <category android:name="android.intent.category.LAUNCHER" />
57-->src/main/AndroidManifest.xml:41:17-77
57-->src/main/AndroidManifest.xml:41:27-74
58            </intent-filter>
59        </activity>
60
61        <service
61-->[com.google.firebase:firebase-database:20.0.1] AndroidManifest.xml:29:9-35:19
62            android:name="com.google.firebase.components.ComponentDiscoveryService"
62-->[com.google.firebase:firebase-database:20.0.1] AndroidManifest.xml:30:13-84
63            android:directBootAware="true"
63-->[com.google.firebase:firebase-common:20.0.0] AndroidManifest.xml:35:13-43
64            android:exported="false" >
64-->[com.google.firebase:firebase-database:20.0.1] AndroidManifest.xml:31:13-37
65            <meta-data
65-->[com.google.firebase:firebase-database:20.0.1] AndroidManifest.xml:32:13-34:85
66                android:name="com.google.firebase.components:com.google.firebase.database.DatabaseRegistrar"
66-->[com.google.firebase:firebase-database:20.0.1] AndroidManifest.xml:33:17-109
67                android:value="com.google.firebase.components.ComponentRegistrar" />
67-->[com.google.firebase:firebase-database:20.0.1] AndroidManifest.xml:34:17-82
68            <meta-data
68-->[com.google.firebase:firebase-auth:21.0.1] AndroidManifest.xml:77:13-79:85
69                android:name="com.google.firebase.components:com.google.firebase.auth.FirebaseAuthRegistrar"
69-->[com.google.firebase:firebase-auth:21.0.1] AndroidManifest.xml:78:17-109
70                android:value="com.google.firebase.components.ComponentRegistrar" />
70-->[com.google.firebase:firebase-auth:21.0.1] AndroidManifest.xml:79:17-82
71            <meta-data
71-->[com.google.android.gms:play-services-measurement-api:19.0.0] AndroidManifest.xml:30:13-32:85
72                android:name="com.google.firebase.components:com.google.firebase.analytics.connector.internal.AnalyticsConnectorRegistrar"
72-->[com.google.android.gms:play-services-measurement-api:19.0.0] AndroidManifest.xml:31:17-139
73                android:value="com.google.firebase.components.ComponentRegistrar" />
73-->[com.google.android.gms:play-services-measurement-api:19.0.0] AndroidManifest.xml:32:17-82
74            <meta-data
74-->[com.google.firebase:firebase-installations:17.0.0] AndroidManifest.xml:18:13-20:85
75                android:name="com.google.firebase.components:com.google.firebase.installations.FirebaseInstallationsRegistrar"
75-->[com.google.firebase:firebase-installations:17.0.0] AndroidManifest.xml:19:17-127
76                android:value="com.google.firebase.components.ComponentRegistrar" />
76-->[com.google.firebase:firebase-installations:17.0.0] AndroidManifest.xml:20:17-82
77        </service>
78
79        <activity
79-->[com.google.firebase:firebase-auth:21.0.1] AndroidManifest.xml:27:9-44:20
80            android:name="com.google.firebase.auth.internal.GenericIdpActivity"
80-->[com.google.firebase:firebase-auth:21.0.1] AndroidManifest.xml:28:13-80
81            android:excludeFromRecents="true"
81-->[com.google.firebase:firebase-auth:21.0.1] AndroidManifest.xml:29:13-46
82            android:exported="true"
82-->[com.google.firebase:firebase-auth:21.0.1] AndroidManifest.xml:30:13-36
83            android:launchMode="singleTask"
83-->[com.google.firebase:firebase-auth:21.0.1] AndroidManifest.xml:31:13-44
84            android:theme="@android:style/Theme.Translucent.NoTitleBar" >
84-->[com.google.firebase:firebase-auth:21.0.1] AndroidManifest.xml:32:13-72
85            <intent-filter>
85-->[com.google.firebase:firebase-auth:21.0.1] AndroidManifest.xml:33:13-43:29
86                <action android:name="android.intent.action.VIEW" />
86-->[com.google.firebase:firebase-auth:21.0.1] AndroidManifest.xml:34:17-69
86-->[com.google.firebase:firebase-auth:21.0.1] AndroidManifest.xml:34:25-66
87
88                <category android:name="android.intent.category.DEFAULT" />
88-->[com.google.firebase:firebase-auth:21.0.1] AndroidManifest.xml:36:17-76
88-->[com.google.firebase:firebase-auth:21.0.1] AndroidManifest.xml:36:27-73
89                <category android:name="android.intent.category.BROWSABLE" />
89-->[com.google.firebase:firebase-auth:21.0.1] AndroidManifest.xml:37:17-78
89-->[com.google.firebase:firebase-auth:21.0.1] AndroidManifest.xml:37:27-75
90
91                <data
91-->[com.google.firebase:firebase-auth:21.0.1] AndroidManifest.xml:39:17-42:51
92                    android:host="firebase.auth"
92-->[com.google.firebase:firebase-auth:21.0.1] AndroidManifest.xml:40:21-49
93                    android:path="/"
93-->[com.google.firebase:firebase-auth:21.0.1] AndroidManifest.xml:41:21-37
94                    android:scheme="genericidp" />
94-->[com.google.firebase:firebase-auth:21.0.1] AndroidManifest.xml:42:21-48
95            </intent-filter>
96        </activity>
97        <activity
97-->[com.google.firebase:firebase-auth:21.0.1] AndroidManifest.xml:45:9-62:20
98            android:name="com.google.firebase.auth.internal.RecaptchaActivity"
98-->[com.google.firebase:firebase-auth:21.0.1] AndroidManifest.xml:46:13-79
99            android:excludeFromRecents="true"
99-->[com.google.firebase:firebase-auth:21.0.1] AndroidManifest.xml:47:13-46
100            android:exported="true"
100-->[com.google.firebase:firebase-auth:21.0.1] AndroidManifest.xml:48:13-36
101            android:launchMode="singleTask"
101-->[com.google.firebase:firebase-auth:21.0.1] AndroidManifest.xml:49:13-44
102            android:theme="@android:style/Theme.Translucent.NoTitleBar" >
102-->[com.google.firebase:firebase-auth:21.0.1] AndroidManifest.xml:50:13-72
103            <intent-filter>
103-->[com.google.firebase:firebase-auth:21.0.1] AndroidManifest.xml:51:13-61:29
104                <action android:name="android.intent.action.VIEW" />
104-->[com.google.firebase:firebase-auth:21.0.1] AndroidManifest.xml:34:17-69
104-->[com.google.firebase:firebase-auth:21.0.1] AndroidManifest.xml:34:25-66
105
106                <category android:name="android.intent.category.DEFAULT" />
106-->[com.google.firebase:firebase-auth:21.0.1] AndroidManifest.xml:36:17-76
106-->[com.google.firebase:firebase-auth:21.0.1] AndroidManifest.xml:36:27-73
107                <category android:name="android.intent.category.BROWSABLE" />
107-->[com.google.firebase:firebase-auth:21.0.1] AndroidManifest.xml:37:17-78
107-->[com.google.firebase:firebase-auth:21.0.1] AndroidManifest.xml:37:27-75
108
109                <data
109-->[com.google.firebase:firebase-auth:21.0.1] AndroidManifest.xml:39:17-42:51
110                    android:host="firebase.auth"
110-->[com.google.firebase:firebase-auth:21.0.1] AndroidManifest.xml:40:21-49
111                    android:path="/"
111-->[com.google.firebase:firebase-auth:21.0.1] AndroidManifest.xml:41:21-37
112                    android:scheme="recaptcha" />
112-->[com.google.firebase:firebase-auth:21.0.1] AndroidManifest.xml:42:21-48
113            </intent-filter>
114        </activity>
115
116        <service
116-->[com.google.firebase:firebase-auth:21.0.1] AndroidManifest.xml:64:9-73:19
117            android:name="com.google.firebase.auth.api.fallback.service.FirebaseAuthFallbackService"
117-->[com.google.firebase:firebase-auth:21.0.1] AndroidManifest.xml:65:13-101
118            android:enabled="true"
118-->[com.google.firebase:firebase-auth:21.0.1] AndroidManifest.xml:66:13-35
119            android:exported="false" >
119-->[com.google.firebase:firebase-auth:21.0.1] AndroidManifest.xml:67:13-37
120            <intent-filter>
120-->[com.google.firebase:firebase-auth:21.0.1] AndroidManifest.xml:68:13-72:29
121                <action android:name="com.google.firebase.auth.api.gms.service.START" />
121-->[com.google.firebase:firebase-auth:21.0.1] AndroidManifest.xml:69:17-89
121-->[com.google.firebase:firebase-auth:21.0.1] AndroidManifest.xml:69:25-86
122
123                <category android:name="android.intent.category.DEFAULT" />
123-->[com.google.firebase:firebase-auth:21.0.1] AndroidManifest.xml:36:17-76
123-->[com.google.firebase:firebase-auth:21.0.1] AndroidManifest.xml:36:27-73
124            </intent-filter>
125        </service>
126
127        <activity
127-->[com.google.android.gms:play-services-base:17.1.0] AndroidManifest.xml:23:9-26:75
128            android:name="com.google.android.gms.common.api.GoogleApiActivity"
128-->[com.google.android.gms:play-services-base:17.1.0] AndroidManifest.xml:24:13-79
129            android:exported="false"
129-->[com.google.android.gms:play-services-base:17.1.0] AndroidManifest.xml:25:13-37
130            android:theme="@android:style/Theme.Translucent.NoTitleBar" />
130-->[com.google.android.gms:play-services-base:17.1.0] AndroidManifest.xml:26:13-72
131
132        <provider
132-->[com.google.firebase:firebase-common:20.0.0] AndroidManifest.xml:26:9-31:39
133            android:name="com.google.firebase.provider.FirebaseInitProvider"
133-->[com.google.firebase:firebase-common:20.0.0] AndroidManifest.xml:27:13-77
134            android:authorities="com.example.b07project.firebaseinitprovider"
134-->[com.google.firebase:firebase-common:20.0.0] AndroidManifest.xml:28:13-72
135            android:directBootAware="true"
135-->[com.google.firebase:firebase-common:20.0.0] AndroidManifest.xml:29:13-43
136            android:exported="false"
136-->[com.google.firebase:firebase-common:20.0.0] AndroidManifest.xml:30:13-37
137            android:initOrder="100" />
137-->[com.google.firebase:firebase-common:20.0.0] AndroidManifest.xml:31:13-36
138
139        <receiver
139-->[com.google.android.gms:play-services-measurement:19.0.0] AndroidManifest.xml:29:9-33:20
140            android:name="com.google.android.gms.measurement.AppMeasurementReceiver"
140-->[com.google.android.gms:play-services-measurement:19.0.0] AndroidManifest.xml:30:13-85
141            android:enabled="true"
141-->[com.google.android.gms:play-services-measurement:19.0.0] AndroidManifest.xml:31:13-35
142            android:exported="false" >
142-->[com.google.android.gms:play-services-measurement:19.0.0] AndroidManifest.xml:32:13-37
143        </receiver>
144
145        <service
145-->[com.google.android.gms:play-services-measurement:19.0.0] AndroidManifest.xml:35:9-38:40
146            android:name="com.google.android.gms.measurement.AppMeasurementService"
146-->[com.google.android.gms:play-services-measurement:19.0.0] AndroidManifest.xml:36:13-84
147            android:enabled="true"
147-->[com.google.android.gms:play-services-measurement:19.0.0] AndroidManifest.xml:37:13-35
148            android:exported="false" />
148-->[com.google.android.gms:play-services-measurement:19.0.0] AndroidManifest.xml:38:13-37
149        <service
149-->[com.google.android.gms:play-services-measurement:19.0.0] AndroidManifest.xml:39:9-43:72
150            android:name="com.google.android.gms.measurement.AppMeasurementJobService"
150-->[com.google.android.gms:play-services-measurement:19.0.0] AndroidManifest.xml:40:13-87
151            android:enabled="true"
151-->[com.google.android.gms:play-services-measurement:19.0.0] AndroidManifest.xml:41:13-35
152            android:exported="false"
152-->[com.google.android.gms:play-services-measurement:19.0.0] AndroidManifest.xml:42:13-37
153            android:permission="android.permission.BIND_JOB_SERVICE" />
153-->[com.google.android.gms:play-services-measurement:19.0.0] AndroidManifest.xml:43:13-69
154
155        <meta-data
155-->[com.google.android.gms:play-services-basement:17.1.0] AndroidManifest.xml:23:9-25:69
156            android:name="com.google.android.gms.version"
156-->[com.google.android.gms:play-services-basement:17.1.0] AndroidManifest.xml:24:13-58
157            android:value="@integer/google_play_services_version" />
157-->[com.google.android.gms:play-services-basement:17.1.0] AndroidManifest.xml:25:13-66
158    </application>
159
160</manifest>